Adding file system path "D:\\programs\\trenchbroom\\defaults\\assets"
Adding file system path "D:\\code\\ball-robo\\"
Loading document from D:\code\ball-robo\maps\objects\moving_piston.map
Found 0 shaders
Loaded entity definition file FuncGodot.fgd
Found 0 shaders
Loaded "D:\\code\\ball-robo\\maps\\objects\\moving_piston.map" in 168ms
Could not resize brush: Brush is empty
Parsed successfully as Valve entities (unknown location)
Could not clip brush: Brush is empty
Could not clip brush: Brush is empty
Could not clip brush: Brush is empty
Could not clip brush: Brush is empty
Could not clip brush: Brush is empty
Could not clip brush: Brush is empty
Could not clip brush: Brush is empty
Could not clip brush: Brush is empty
Could not clip brush: Brush is empty
Could not clip brush: Brush is empty
Could not clip brush: Brush is empty
Could not clip brush: Brush is empty
Could not clip brush: Brush is empty
Could not clip brush: Brush is empty
Could not clip brush: Brush is empty
Could not clip brush: Brush is empty
Could not clip brush: Brush is empty
Could not clip brush: Brush is empty
Could not clip brush: Brush is empty
Could not clip brush: Brush is empty
Could not clip brush: Brush is empty
Could not clip brush: Brush is empty
Could not clip brush: Brush is empty
Could not clip brush: Brush is empty
Could not clip brush: Brush is empty
Could not clip brush: Brush is empty
Could not clip brush: Brush is empty
Could not clip brush: Brush is empty
Could not clip brush: Brush is empty
Could not clip brush: Brush is empty
Could not clip brush: Brush is empty
Could not clip brush: Brush is empty
Could not clip brush: Brush is empty
Could not clip brush: Brush is empty
Could not clip brush: Brush is empty
Could not clip brush: Brush is empty
Saved "D:\\code\\ball-robo\\maps\\objects\\moving_piston.map" in 5ms
Adding file system path "D:\\programs\\trenchbroom\\defaults\\assets"
Adding file system path "D:\\code\\ball-robo\\"
Loading document from D:\code\ball-robo\maps\objects\moving_piston_edge.map
Found 0 shaders
Loaded entity definition file FuncGodot.fgd
Found 0 shaders
Loaded "D:\\code\\ball-robo\\maps\\objects\\moving_piston_edge.map" in 153ms
Could not resize brush: Brush has invalid face
Saved "D:\\code\\ball-robo\\maps\\objects\\moving_piston_edge.map" in 5ms
Saved "D:\\code\\ball-robo\\maps\\objects\\moving_piston_edge.map" in 4ms
Adding file system path "D:\\programs\\trenchbroom\\defaults\\assets"
Adding file system path "D:\\code\\ball-robo\\"
Loading document from D:\code\ball-robo\maps\objects\moving_piston.map
Found 0 shaders
Loaded entity definition file FuncGodot.fgd
Found 0 shaders
Loaded "D:\\code\\ball-robo\\maps\\objects\\moving_piston.map" in 149ms
Created autosave backup at "D:\\code\\ball-robo\\maps\\objects\\autosave\\moving_piston.8.map"
Parsed successfully as Valve entities (unknown location)
Could not resize brush: Brush is empty
Could not resize brush: Brush is empty
Could not resize brush: Brush is empty
Could not resize brush: Brush is empty
Could not resize brush: Brush is empty
Could not resize brush: Brush is empty
Could not resize brush: Brush is empty
Saved "D:\\code\\ball-robo\\maps\\objects\\moving_piston.map" in 4ms
Adding file system path "D:\\programs\\trenchbroom\\defaults\\assets"
Adding file system path "D:\\code\\ball-robo\\"
Loading document from D:\code\ball-robo\maps\room_waterproofing.map
Found 0 shaders
Loaded entity definition file FuncGodot.fgd
Found 0 shaders
Loaded "D:\\code\\ball-robo\\maps\\room_waterproofing.map" in 167ms
Saved "D:\\code\\ball-robo\\maps\\room_waterproofing.map" in 5ms
Saved "D:\\code\\ball-robo\\maps\\room_waterproofing.map" in 5ms
Adding file system path "D:\\programs\\trenchbroom\\defaults\\assets"
Adding file system path "D:\\code\\ball-robo\\"
Loading document from D:\code\ball-robo\maps\room_jump.map
Found 0 shaders
Adding file system path "D:\\programs\\trenchbroom\\defaults\\assets"
Adding file system path "D:\\code\\ball-robo\\"
Adding file system path "D:\\code\\ball-robo\\textures"
Loaded entity definition file FuncGodot.fgd
Found 0 shaders
Loaded "D:\\code\\ball-robo\\maps\\room_jump.map" in 222ms
Adding file system path "D:\\programs\\trenchbroom\\defaults\\assets"
Adding file system path "D:\\code\\ball-robo\\"
Loading document from D:\code\ball-robo\maps\room_waterproofing.map
Found 0 shaders
Loaded entity definition file FuncGodot.fgd
Found 0 shaders
Loaded "D:\\code\\ball-robo\\maps\\room_waterproofing.map" in 166ms
Parsed successfully as Valve entities (unknown location)
Parsed successfully as Valve entities (unknown location)
Saved "D:\\code\\ball-robo\\maps\\room_waterproofing.map" in 5ms
Adding file system path "D:\\programs\\trenchbroom\\defaults\\assets"
Adding file system path "D:\\code\\ball-robo\\"
Loading document from D:\code\ball-robo\maps\room_jump.map
Found 0 shaders
Adding file system path "D:\\programs\\trenchbroom\\defaults\\assets"
Adding file system path "D:\\code\\ball-robo\\"
Adding file system path "D:\\code\\ball-robo\\textures"
Loaded entity definition file FuncGodot.fgd
Found 0 shaders
Loaded "D:\\code\\ball-robo\\maps\\room_jump.map" in 216ms
Adding file system path "D:\\programs\\trenchbroom\\defaults\\assets"
Adding file system path "D:\\code\\ball-robo\\"
Loading document from D:\code\ball-robo\maps\room_waterproofing.map
Found 0 shaders
Loaded entity definition file FuncGodot.fgd
Found 0 shaders
Loaded "D:\\code\\ball-robo\\maps\\room_waterproofing.map" in 159ms
Parsed successfully as Valve entities (unknown location)
Could not resize brush: Brush is empty
Could not resize brush: Brush is empty
Could not resize brush: Brush is empty
Could not resize brush: Brush is empty
Created autosave backup at "D:\\code\\ball-robo\\maps\\autosave\\room_waterproofing.8.map"
Saved "D:\\code\\ball-robo\\maps\\room_waterproofing.map" in 5ms
Parsed successfully as Valve entities (unknown location)
Parsed successfully as Valve entities (unknown location)
Parsed successfully as Valve entities (unknown location)
Parsed successfully as Valve entities (unknown location)
Parsed successfully as Valve entities (unknown location)
Parsed successfully as Valve entities (unknown location)
Could not resize brush: Brush has invalid face
Saved "D:\\code\\ball-robo\\maps\\room_waterproofing.map" in 5ms
Parsed successfully as Valve entities (unknown location)
Created autosave backup at "D:\\code\\ball-robo\\maps\\autosave\\room_waterproofing.9.map"
Parsed successfully as Valve entities (unknown location)
Saved "D:\\code\\ball-robo\\maps\\room_waterproofing.map" in 5ms
Saved "D:\\code\\ball-robo\\maps\\room_waterproofing.map" in 5ms
Saved "D:\\code\\ball-robo\\maps\\room_waterproofing.map" in 6ms
Saved "D:\\code\\ball-robo\\maps\\room_waterproofing.map" in 5ms
Created autosave backup at "D:\\code\\ball-robo\\maps\\autosave\\room_waterproofing.10.map"
Saved "D:\\code\\ball-robo\\maps\\room_waterproofing.map" in 12ms
Adding file system path "D:\\programs\\trenchbroom\\defaults\\assets"
Adding file system path "D:\\code\\ball-robo\\"
Loading document from D:\code\ball-robo\maps\objects\moving_piston_edge.map
Found 0 shaders
Loaded entity definition file FuncGodot.fgd
Found 0 shaders
Loaded "D:\\code\\ball-robo\\maps\\objects\\moving_piston_edge.map" in 163ms
Saved "D:\\code\\ball-robo\\maps\\objects\\moving_piston_edge.map" in 4ms
Saved "D:\\code\\ball-robo\\maps\\objects\\moving_piston_edge.map" in 4ms
Saved "D:\\code\\ball-robo\\maps\\objects\\moving_piston_edge.map" in 4ms
Saved "D:\\code\\ball-robo\\maps\\objects\\moving_piston_edge.map" in 4ms
Adding file system path "D:\\programs\\trenchbroom\\defaults\\assets"
Adding file system path "D:\\code\\ball-robo\\"
Loading document from D:\code\ball-robo\maps\room_waterproofing.map
Found 0 shaders
Loaded entity definition file FuncGodot.fgd
Found 0 shaders
Loaded "D:\\code\\ball-robo\\maps\\room_waterproofing.map" in 160ms
Saved "D:\\code\\ball-robo\\maps\\room_waterproofing.map" in 5ms
Parsed successfully as Valve entities (unknown location)
Parsed successfully as Valve entities (unknown location)
Created autosave backup at "D:\\code\\ball-robo\\maps\\autosave\\room_waterproofing.11.map"
Parsed successfully as Valve entities (unknown location)
Parsed successfully as Valve entities (unknown location)
Parsed successfully as Valve entities (unknown location)
Saved "D:\\code\\ball-robo\\maps\\room_waterproofing.map" in 6ms
Parsed successfully as Valve entities (unknown location)
Parsed successfully as Valve entities (unknown location)
Could not resize brush: Brush has invalid face
Parsed successfully as Valve entities (unknown location)
Parsed successfully as Valve entities (unknown location)
Saved "D:\\code\\ball-robo\\maps\\room_waterproofing.map" in 6ms
Parsed successfully as Valve entities (unknown location)
Saved "D:\\code\\ball-robo\\maps\\room_waterproofing.map" in 5ms
Parsed successfully as Valve entities (unknown location)
Saved "D:\\code\\ball-robo\\maps\\room_waterproofing.map" in 5ms
Created autosave backup at "D:\\code\\ball-robo\\maps\\autosave\\room_waterproofing.4.map"
Parsed successfully as Valve entities (unknown location)
Parsed successfully as Valve entities (unknown location)
Could not resize brush: Brush is empty
Parsed successfully as Valve entities (unknown location)
Parsed successfully as Valve entities (unknown location)
Parsed successfully as Valve entities (unknown location)
Parsed successfully as Valve entities (unknown location)
Created autosave backup at "D:\\code\\ball-robo\\maps\\autosave\\room_waterproofing.5.map"
Created autosave backup at "D:\\code\\ball-robo\\maps\\autosave\\room_waterproofing.6.map"
Created autosave backup at "D:\\code\\ball-robo\\maps\\autosave\\room_waterproofing.7.map"
Parsed successfully as Valve entities (unknown location)
Parsed successfully as Valve entities (unknown location)
Parsed successfully as Valve entities (unknown location)
Parsed successfully as Valve entities (unknown location)
Created autosave backup at "D:\\code\\ball-robo\\maps\\autosave\\room_waterproofing.8.map"
Parsed successfully as Valve entities (unknown location)
Parsed successfully as Valve entities (unknown location)
Saved "D:\\code\\ball-robo\\maps\\room_waterproofing.map" in 5ms
Saved "D:\\code\\ball-robo\\maps\\room_waterproofing.map" in 5ms
Saved "D:\\code\\ball-robo\\maps\\room_waterproofing.map" in 6ms
Saved "D:\\code\\ball-robo\\maps\\room_waterproofing.map" in 6ms
Saved "D:\\code\\ball-robo\\maps\\room_waterproofing.map" in 4ms
Parsed successfully as Valve entities (unknown location)
Saved "D:\\code\\ball-robo\\maps\\room_waterproofing.map" in 5ms
Parsed successfully as Valve entities (unknown location)
Saved "D:\\code\\ball-robo\\maps\\room_waterproofing.map" in 5ms
Could not resize brush: Brush is empty
Could not resize brush: Brush is empty
Could not resize brush: Brush is empty
Could not resize brush: Brush is empty
Could not resize brush: Brush is empty
Could not resize brush: Brush is empty
Could not resize brush: Brush is empty
Could not resize brush: Brush is empty
Could not resize brush: Brush is empty
Could not resize brush: Brush is empty
Saved "D:\\code\\ball-robo\\maps\\room_waterproofing.map" in 5ms
Saved "D:\\code\\ball-robo\\maps\\room_waterproofing.map" in 5ms
Saved "D:\\code\\ball-robo\\maps\\room_waterproofing.map" in 5ms
Saved "D:\\code\\ball-robo\\maps\\room_waterproofing.map" in 5ms
Saved "D:\\code\\ball-robo\\maps\\room_waterproofing.map" in 5ms
Created autosave backup at "D:\\code\\ball-robo\\maps\\autosave\\room_waterproofing.9.map"
Parsed successfully as Valve entities (unknown location)
Saved "D:\\code\\ball-robo\\maps\\room_waterproofing.map" in 5ms
Saved "D:\\code\\ball-robo\\maps\\room_waterproofing.map" in 5ms
Adding file system path "D:\\programs\\trenchbroom\\defaults\\assets"
Adding file system path "D:\\code\\ball-robo\\"
Loading document from D:\code\ball-robo\maps\objects\moving_piston_edge.map
Found 0 shaders
Loaded entity definition file FuncGodot.fgd
Found 0 shaders
Loaded "D:\\code\\ball-robo\\maps\\objects\\moving_piston_edge.map" in 154ms
Saved "D:\\code\\ball-robo\\maps\\objects\\moving_piston_edge.map" in 4ms
Saved "D:\\code\\ball-robo\\maps\\objects\\moving_piston_edge.map" in 4ms
Saved "D:\\code\\ball-robo\\maps\\objects\\moving_piston_edge.map" in 4ms
Saved "D:\\code\\ball-robo\\maps\\objects\\moving_piston_edge.map" in 5ms
Saved "D:\\code\\ball-robo\\maps\\objects\\moving_piston_edge.map" in 4ms
Parsed successfully as Valve entities (unknown location)
Could not resize brush: Brush has invalid face
Saved "D:\\code\\ball-robo\\maps\\objects\\moving_piston_edge.map" in 4ms
Saved "D:\\code\\ball-robo\\maps\\objects\\moving_piston_edge.map" in 4ms
Saved "D:\\code\\ball-robo\\maps\\objects\\moving_piston_edge.map" in 4ms
Saved "D:\\code\\ball-robo\\maps\\objects\\moving_piston_edge.map" in 4ms
Saved "D:\\code\\ball-robo\\maps\\objects\\moving_piston_edge.map" in 4ms
Saved "D:\\code\\ball-robo\\maps\\objects\\moving_piston_edge.map" in 4ms
Saved "D:\\code\\ball-robo\\maps\\objects\\moving_piston_edge.map" in 5ms
Saved "D:\\code\\ball-robo\\maps\\objects\\moving_piston_edge.map" in 4ms
Saved "D:\\code\\ball-robo\\maps\\objects\\moving_piston_edge.map" in 5ms
Saved "D:\\code\\ball-robo\\maps\\objects\\moving_piston_edge.map" in 4ms
Saved "D:\\code\\ball-robo\\maps\\objects\\moving_piston_edge.map" in 4ms
Adding file system path "D:\\programs\\trenchbroom\\defaults\\assets"
Adding file system path "D:\\code\\ball-robo\\"
Loading document from D:\code\ball-robo\maps\room_waterproofing.map
Found 0 shaders
Loaded entity definition file FuncGodot.fgd
Found 0 shaders
Loaded "D:\\code\\ball-robo\\maps\\room_waterproofing.map" in 152ms
Saved "D:\\code\\ball-robo\\maps\\room_waterproofing.map" in 5ms
Saved "D:\\code\\ball-robo\\maps\\room_waterproofing.map" in 5ms
Saved "D:\\code\\ball-robo\\maps\\room_waterproofing.map" in 4ms
Parsed successfully as Valve entities (unknown location)
Parsed successfully as Valve entities (unknown location)
Saved "D:\\code\\ball-robo\\maps\\room_waterproofing.map" in 5ms
Parsed successfully as Valve entities (unknown location)
Saved "D:\\code\\ball-robo\\maps\\room_waterproofing.map" in 5ms
Created autosave backup at "D:\\code\\ball-robo\\maps\\autosave\\room_waterproofing.10.map"
Could not resize brush: Brush is empty
Could not resize brush: Brush is empty
Saved "D:\\code\\ball-robo\\maps\\room_waterproofing.map" in 5ms
Saved "D:\\code\\ball-robo\\maps\\room_waterproofing.map" in 5ms
Saved "D:\\code\\ball-robo\\maps\\room_waterproofing.map" in 5ms
Saved "D:\\code\\ball-robo\\maps\\room_waterproofing.map" in 5ms
Parsed successfully as Valve entities (unknown location)
Saved "D:\\code\\ball-robo\\maps\\room_waterproofing.map" in 5ms
Parsed successfully as Valve entities (unknown location)
Saved "D:\\code\\ball-robo\\maps\\room_waterproofing.map" in 4ms
Parsed successfully as Valve entities (unknown location)
Saved "D:\\code\\ball-robo\\maps\\room_waterproofing.map" in 5ms
Could not resize brush: Brush has invalid face
Could not resize brush: Brush has invalid face
Created autosave backup at "D:\\code\\ball-robo\\maps\\autosave\\room_waterproofing.11.map"
Saved "D:\\code\\ball-robo\\maps\\room_waterproofing.map" in 5ms
Parsed successfully as Valve entities (unknown location)
Saved "D:\\code\\ball-robo\\maps\\room_waterproofing.map" in 5ms
Saved "D:\\code\\ball-robo\\maps\\room_waterproofing.map" in 16ms
Parsed successfully as Valve entities (unknown location)
Saved "D:\\code\\ball-robo\\maps\\room_waterproofing.map" in 6ms
Parsed successfully as Valve entities (unknown location)
Saved "D:\\code\\ball-robo\\maps\\room_waterproofing.map" in 5ms
Saved "D:\\code\\ball-robo\\maps\\room_waterproofing.map" in 6ms
Saved "D:\\code\\ball-robo\\maps\\room_waterproofing.map" in 5ms
Saved "D:\\code\\ball-robo\\maps\\room_waterproofing.map" in 23ms
Saved "D:\\code\\ball-robo\\maps\\room_waterproofing.map" in 5ms
Saved "D:\\code\\ball-robo\\maps\\room_waterproofing.map" in 4ms
Saved "D:\\code\\ball-robo\\maps\\room_waterproofing.map" in 61ms
Saved "D:\\code\\ball-robo\\maps\\room_waterproofing.map" in 5ms
Saved "D:\\code\\ball-robo\\maps\\room_waterproofing.map" in 5ms
Saved "D:\\code\\ball-robo\\maps\\room_waterproofing.map" in 14ms
Saved "D:\\code\\ball-robo\\maps\\room_waterproofing.map" in 5ms
Saved "D:\\code\\ball-robo\\maps\\room_waterproofing.map" in 12ms
Saved "D:\\code\\ball-robo\\maps\\room_waterproofing.map" in 30ms
Saved "D:\\code\\ball-robo\\maps\\room_waterproofing.map" in 5ms
Saved "D:\\code\\ball-robo\\maps\\room_waterproofing.map" in 5ms
Parsed successfully as Valve entities (unknown location)
Saved "D:\\code\\ball-robo\\maps\\room_waterproofing.map" in 5ms
Parsed successfully as Valve entities (unknown location)
Created autosave backup at "D:\\code\\ball-robo\\maps\\autosave\\room_waterproofing.4.map"
Saved "D:\\code\\ball-robo\\maps\\room_waterproofing.map" in 5ms
Adding file system path "D:\\programs\\trenchbroom\\defaults\\assets"
Adding file system path "D:\\code\\ball-robo\\"
Loading document from D:\code\ball-robo\maps\room_roll.map
Found 0 shaders
Loaded entity definition file FuncGodot.fgd
Found 0 shaders
Loaded "D:\\code\\ball-robo\\maps\\room_roll.map" in 221ms
Saved "D:\\code\\ball-robo\\maps\\room_roll.map" in 7ms
Adding file system path "D:\\programs\\trenchbroom\\defaults\\assets"
Adding file system path "D:\\code\\ball-robo\\"
Loading document from D:\code\ball-robo\maps\room_waterproofing.map
Found 0 shaders
Loaded entity definition file FuncGodot.fgd
Found 0 shaders
Loaded "D:\\code\\ball-robo\\maps\\room_waterproofing.map" in 207ms
Parsed successfully as Valve entities (unknown location)
Could not resize brush: Brush is empty
Could not resize brush: Brush is empty
Could not resize brush: Brush is empty
Could not resize brush: Brush is empty
Parsed successfully as Valve entities (unknown location)
Parsed successfully as Valve entities (unknown location)
Parsed successfully as Valve entities (unknown location)
Saved "D:\\code\\ball-robo\\maps\\room_waterproofing.map" in 5ms
Saved "D:\\code\\ball-robo\\maps\\room_waterproofing.map" in 5ms
Adding file system path "D:\\programs\\trenchbroom\\defaults\\assets"
Adding file system path "D:\\code\\ball-robo\\"
Loading document from D:\code\ball-robo\maps\room_roll.map
Found 0 shaders
Loaded entity definition file FuncGodot.fgd
Found 0 shaders
Loaded "D:\\code\\ball-robo\\maps\\room_roll.map" in 165ms
Adding file system path "D:\\programs\\trenchbroom\\defaults\\assets"
Adding file system path "D:\\code\\ball-robo\\"
Loading document from D:\code\ball-robo\maps\room_waterproofing.map
Found 0 shaders
Loaded entity definition file FuncGodot.fgd
Found 0 shaders
Loaded "D:\\code\\ball-robo\\maps\\room_waterproofing.map" in 156ms
Created autosave backup at "D:\\code\\ball-robo\\maps\\autosave\\room_waterproofing.5.map"
Saved "D:\\code\\ball-robo\\maps\\room_waterproofing.map" in 5ms
Adding file system path "D:\\programs\\trenchbroom\\defaults\\assets"
Adding file system path "D:\\code\\ball-robo\\"
Loading document from D:\code\ball-robo\maps\room_roll.map
Found 0 shaders
Loaded entity definition file FuncGodot.fgd
Found 0 shaders
Loaded "D:\\code\\ball-robo\\maps\\room_roll.map" in 172ms
Adding file system path "D:\\programs\\trenchbroom\\defaults\\assets"
Adding file system path "D:\\code\\ball-robo\\"
Loading document from D:\code\ball-robo\maps\room_waterproofing.map
Found 0 shaders
Loaded entity definition file FuncGodot.fgd
Found 0 shaders
Loaded "D:\\code\\ball-robo\\maps\\room_waterproofing.map" in 165ms
Saved "D:\\code\\ball-robo\\maps\\room_waterproofing.map" in 5ms
Saved "D:\\code\\ball-robo\\maps\\room_waterproofing.map" in 5ms
Saved "D:\\code\\ball-robo\\maps\\room_waterproofing.map" in 5ms
Saved "D:\\code\\ball-robo\\maps\\room_waterproofing.map" in 5ms
Could not resize brush: Brush has invalid face
Saved "D:\\code\\ball-robo\\maps\\room_waterproofing.map" in 5ms
Saved "D:\\code\\ball-robo\\maps\\room_waterproofing.map" in 16ms
Saved "D:\\code\\ball-robo\\maps\\room_waterproofing.map" in 5ms
Saved "D:\\code\\ball-robo\\maps\\room_waterproofing.map" in 5ms
Saved "D:\\code\\ball-robo\\maps\\room_waterproofing.map" in 6ms
Parsed successfully as Valve entities (unknown location)
Saved "D:\\code\\ball-robo\\maps\\room_waterproofing.map" in 5ms
Saved "D:\\code\\ball-robo\\maps\\room_waterproofing.map" in 5ms
Saved "D:\\code\\ball-robo\\maps\\room_waterproofing.map" in 5ms
Saved "D:\\code\\ball-robo\\maps\\room_waterproofing.map" in 5ms
Saved "D:\\code\\ball-robo\\maps\\room_waterproofing.map" in 7ms
Saved "D:\\code\\ball-robo\\maps\\room_waterproofing.map" in 5ms
Parsed successfully as Valve entities (unknown location)
Could not resize brush: Brush is empty
Could not resize brush: Brush is empty
Could not resize brush: Brush is empty
Saved "D:\\code\\ball-robo\\maps\\room_waterproofing.map" in 5ms
Could not resize brush: Brush is empty
Saved "D:\\code\\ball-robo\\maps\\room_waterproofing.map" in 5ms
Saved "D:\\code\\ball-robo\\maps\\room_waterproofing.map" in 6ms
Saved "D:\\code\\ball-robo\\maps\\room_waterproofing.map" in 5ms
Saved "D:\\code\\ball-robo\\maps\\room_waterproofing.map" in 5ms
Created autosave backup at "D:\\code\\ball-robo\\maps\\autosave\\room_waterproofing.6.map"
Parsed successfully as Valve entities (unknown location)
Could not resize brush: Brush is empty
Could not resize brush: Brush is empty
Could not resize brush: Brush is empty
Saved "D:\\code\\ball-robo\\maps\\room_waterproofing.map" in 6ms
Parsed successfully as Valve entities (unknown location)
Could not resize brush: Brush has invalid face
Parsed successfully as Valve entities (unknown location)
Saved "D:\\code\\ball-robo\\maps\\room_waterproofing.map" in 5ms
Parsed successfully as Valve entities (unknown location)
Saved "D:\\code\\ball-robo\\maps\\room_waterproofing.map" in 5ms
Parsed successfully as Valve entities (unknown location)
Parsed successfully as Valve entities (unknown location)
Parsed successfully as Valve entities (unknown location)
Parsed successfully as Valve entities (unknown location)
Saved "D:\\code\\ball-robo\\maps\\room_waterproofing.map" in 5ms
Saved "D:\\code\\ball-robo\\maps\\room_waterproofing.map" in 6ms
Saved "D:\\code\\ball-robo\\maps\\room_waterproofing.map" in 5ms
Parsed successfully as Valve entities (unknown location)
Parsed successfully as Valve entities (unknown location)
Could not resize brush: Brush is empty
Saved "D:\\code\\ball-robo\\maps\\room_waterproofing.map" in 5ms
Saved "D:\\code\\ball-robo\\maps\\room_waterproofing.map" in 5ms
Parsed successfully as Valve entities (unknown location)
Could not resize brush: Brush is empty
Could not resize brush: Brush is empty
Could not resize brush: Brush is empty
Could not resize brush: Brush is empty
Could not resize brush: Brush is empty
Could not resize brush: Brush is empty
Could not resize brush: Brush is empty
Saved "D:\\code\\ball-robo\\maps\\room_waterproofing.map" in 5ms
Saved "D:\\code\\ball-robo\\maps\\room_waterproofing.map" in 5ms
Saved "D:\\code\\ball-robo\\maps\\room_waterproofing.map" in 5ms
Created autosave backup at "D:\\code\\ball-robo\\maps\\autosave\\room_waterproofing.7.map"
Saved "D:\\code\\ball-robo\\maps\\room_waterproofing.map" in 5ms
Saved "D:\\code\\ball-robo\\maps\\room_waterproofing.map" in 5ms
Saved "D:\\code\\ball-robo\\maps\\room_waterproofing.map" in 5ms
Saved "D:\\code\\ball-robo\\maps\\room_waterproofing.map" in 5ms
Parsed successfully as Valve entities (unknown location)
Saved "D:\\code\\ball-robo\\maps\\room_waterproofing.map" in 5ms
Saved "D:\\code\\ball-robo\\maps\\room_waterproofing.map" in 6ms
Saved "D:\\code\\ball-robo\\maps\\room_waterproofing.map" in 5ms
Saved "D:\\code\\ball-robo\\maps\\room_waterproofing.map" in 5ms
Parsed successfully as Valve entities (unknown location)
Saved "D:\\code\\ball-robo\\maps\\room_waterproofing.map" in 5ms
Created autosave backup at "D:\\code\\ball-robo\\maps\\autosave\\room_waterproofing.8.map"
Saved "D:\\code\\ball-robo\\maps\\room_waterproofing.map" in 5ms
Saved "D:\\code\\ball-robo\\maps\\room_waterproofing.map" in 6ms
Saved "D:\\code\\ball-robo\\maps\\room_waterproofing.map" in 5ms
Saved "D:\\code\\ball-robo\\maps\\room_waterproofing.map" in 5ms
Saved "D:\\code\\ball-robo\\maps\\room_waterproofing.map" in 5ms
Parsed successfully as Valve entities (unknown location)
Parsed successfully as Valve entities (unknown location)
Parsed successfully as Valve entities (unknown location)
Saved "D:\\code\\ball-robo\\maps\\room_waterproofing.map" in 5ms
Saved "D:\\code\\ball-robo\\maps\\room_waterproofing.map" in 5ms
Saved "D:\\code\\ball-robo\\maps\\room_waterproofing.map" in 5ms
Created autosave backup at "D:\\code\\ball-robo\\maps\\autosave\\room_waterproofing.9.map"
Saved "D:\\code\\ball-robo\\maps\\room_waterproofing.map" in 5ms
Could not resize brush: Brush is empty
Could not resize brush: Brush is empty
Could not resize brush: Brush is empty
Could not resize brush: Brush is empty
Could not resize brush: Brush is empty
Could not resize brush: Brush is empty
Could not resize brush: Brush is empty
Could not resize brush: Brush is empty
Could not resize brush: Brush is empty
Could not resize brush: Brush is empty
Could not resize brush: Brush is empty
Could not resize brush: Brush is empty
Could not resize brush: Brush is empty
Could not resize brush: Brush is empty
Saved "D:\\code\\ball-robo\\maps\\room_waterproofing.map" in 5ms
Saved "D:\\code\\ball-robo\\maps\\room_waterproofing.map" in 5ms
Could not resize brush: Brush has invalid face
Could not resize brush: Brush has invalid face
Could not resize brush: Brush has invalid face
Could not resize brush: Brush has invalid face
Saved "D:\\code\\ball-robo\\maps\\room_waterproofing.map" in 5ms
Saved "D:\\code\\ball-robo\\maps\\room_waterproofing.map" in 5ms
Parsed successfully as Valve entities (unknown location)
Parsed successfully as Valve entities (unknown location)
Could not resize brush: Brush has invalid face
Saved "D:\\code\\ball-robo\\maps\\room_waterproofing.map" in 5ms
Parsed successfully as Valve entities (unknown location)
Parsed successfully as Valve entities (unknown location)
Parsed successfully as Valve entities (unknown location)
Parsed successfully as Valve entities (unknown location)
Parsed successfully as Valve entities (unknown location)
Parsed successfully as Valve entities (unknown location)
Saved "D:\\code\\ball-robo\\maps\\room_waterproofing.map" in 5ms
Parsed successfully as Valve entities (unknown location)
Saved "D:\\code\\ball-robo\\maps\\room_waterproofing.map" in 5ms
Saved "D:\\code\\ball-robo\\maps\\room_waterproofing.map" in 5ms
Saved "D:\\code\\ball-robo\\maps\\room_waterproofing.map" in 6ms
Saved "D:\\code\\ball-robo\\maps\\room_waterproofing.map" in 5ms
Saved "D:\\code\\ball-robo\\maps\\room_waterproofing.map" in 5ms
Created autosave backup at "D:\\code\\ball-robo\\maps\\autosave\\room_waterproofing.10.map"
Saved "D:\\code\\ball-robo\\maps\\room_waterproofing.map" in 5ms
Saved "D:\\code\\ball-robo\\maps\\room_waterproofing.map" in 5ms
Saved "D:\\code\\ball-robo\\maps\\room_waterproofing.map" in 5ms
Saved "D:\\code\\ball-robo\\maps\\room_waterproofing.map" in 5ms
Parsed successfully as Valve entities (unknown location)
Parsed successfully as Valve entities (unknown location)
Parsed successfully as Valve entities (unknown location)
Parsed successfully as Valve entities (unknown location)
Parsed successfully as Valve entities (unknown location)
Parsed successfully as Valve entities (unknown location)
Could not resize brush: Brush is empty
Parsed successfully as Valve entities (unknown location)
Saved "D:\\code\\ball-robo\\maps\\room_waterproofing.map" in 5ms
Parsed successfully as Valve entities (unknown location)
Could not resize brush: Brush is empty
Parsed successfully as Valve entities (unknown location)
Saved "D:\\code\\ball-robo\\maps\\room_waterproofing.map" in 5ms
Saved "D:\\code\\ball-robo\\maps\\room_waterproofing.map" in 5ms
Parsed successfully as Valve entities (unknown location)
Saved "D:\\code\\ball-robo\\maps\\room_waterproofing.map" in 5ms
Saved "D:\\code\\ball-robo\\maps\\room_waterproofing.map" in 5ms
Saved "D:\\code\\ball-robo\\maps\\room_waterproofing.map" in 6ms
Saved "D:\\code\\ball-robo\\maps\\room_waterproofing.map" in 5ms
Created autosave backup at "D:\\code\\ball-robo\\maps\\autosave\\room_waterproofing.11.map"
Saved "D:\\code\\ball-robo\\maps\\room_waterproofing.map" in 5ms
Parsed successfully as Valve entities (unknown location)
Saved "D:\\code\\ball-robo\\maps\\room_waterproofing.map" in 5ms
Parsed successfully as Valve entities (unknown location)
Parsed successfully as Valve entities (unknown location)
Saved "D:\\code\\ball-robo\\maps\\room_waterproofing.map" in 6ms
Parsed successfully as Valve entities (unknown location)
Parsed successfully as Valve entities (unknown location)
Parsed successfully as Valve entities (unknown location)
Parsed successfully as Valve entities (unknown location)
Saved "D:\\code\\ball-robo\\maps\\room_waterproofing.map" in 5ms
Parsed successfully as Valve entities (unknown location)
Parsed successfully as Valve entities (unknown location)
Saved "D:\\code\\ball-robo\\maps\\room_waterproofing.map" in 5ms
Parsed successfully as Valve entities (unknown location)
Saved "D:\\code\\ball-robo\\maps\\room_waterproofing.map" in 6ms
Saved "D:\\code\\ball-robo\\maps\\room_waterproofing.map" in 5ms
Saved "D:\\code\\ball-robo\\maps\\room_waterproofing.map" in 6ms
Saved "D:\\code\\ball-robo\\maps\\room_waterproofing.map" in 6ms
Saved "D:\\code\\ball-robo\\maps\\room_waterproofing.map" in 6ms
Parsed successfully as Valve entities (unknown location)
Parsed successfully as Valve entities (unknown location)
Parsed successfully as Valve entities (unknown location)
Saved "D:\\code\\ball-robo\\maps\\room_waterproofing.map" in 5ms
Saved "D:\\code\\ball-robo\\maps\\room_waterproofing.map" in 5ms
Parsed successfully as Valve entities (unknown location)
Parsed successfully as Valve entities (unknown location)
Parsed successfully as Valve entities (unknown location)
Saved "D:\\code\\ball-robo\\maps\\room_waterproofing.map" in 5ms
Saved "D:\\code\\ball-robo\\maps\\room_waterproofing.map" in 6ms
Parsed successfully as Valve entities (unknown location)
Saved "D:\\code\\ball-robo\\maps\\room_waterproofing.map" in 5ms
Parsed successfully as Valve entities (unknown location)
Saved "D:\\code\\ball-robo\\maps\\room_waterproofing.map" in 5ms
Saved "D:\\code\\ball-robo\\maps\\room_waterproofing.map" in 5ms
Parsed successfully as Valve entities (unknown location)
Parsed successfully as Valve entities (unknown location)
Could not resize brush: Brush is empty
Saved "D:\\code\\ball-robo\\maps\\room_waterproofing.map" in 6ms
Created autosave backup at "D:\\code\\ball-robo\\maps\\autosave\\room_waterproofing.4.map"
Parsed successfully as Valve entities (unknown location)
Saved "D:\\code\\ball-robo\\maps\\room_waterproofing.map" in 5ms
Parsed successfully as Valve entities (unknown location)
Parsed successfully as Valve entities (unknown location)
Saved "D:\\code\\ball-robo\\maps\\room_waterproofing.map" in 7ms
Saved "D:\\code\\ball-robo\\maps\\room_waterproofing.map" in 5ms
Saved "D:\\code\\ball-robo\\maps\\room_waterproofing.map" in 6ms
Saved "D:\\code\\ball-robo\\maps\\room_waterproofing.map" in 5ms
Saved "D:\\code\\ball-robo\\maps\\room_waterproofing.map" in 6ms
Saved "D:\\code\\ball-robo\\maps\\room_waterproofing.map" in 5ms
Parsed successfully as Valve entities (unknown location)
Saved "D:\\code\\ball-robo\\maps\\room_waterproofing.map" in 5ms
Parsed successfully as Valve entities (unknown location)
Created autosave backup at "D:\\code\\ball-robo\\maps\\autosave\\room_waterproofing.5.map"
Saved "D:\\code\\ball-robo\\maps\\room_waterproofing.map" in 5ms
Parsed successfully as Valve entities (unknown location)
Saved "D:\\code\\ball-robo\\maps\\room_waterproofing.map" in 5ms
Parsed successfully as Valve entities (unknown location)
Could not resize brush: Brush is empty
Could not resize brush: Brush is empty
Could not resize brush: Brush is empty
Saved "D:\\code\\ball-robo\\maps\\room_waterproofing.map" in 5ms
Saved "D:\\code\\ball-robo\\maps\\room_waterproofing.map" in 5ms
Saved "D:\\code\\ball-robo\\maps\\room_waterproofing.map" in 6ms
Saved "D:\\code\\ball-robo\\maps\\room_waterproofing.map" in 5ms
Parsed successfully as Valve entities (unknown location)
Could not resize brush: Brush is empty
Could not resize brush: Brush is empty
Could not resize brush: Brush is empty
Could not resize brush: Brush is empty
Could not resize brush: Brush is empty
Could not resize brush: Brush is empty
Could not resize brush: Brush is empty
Could not resize brush: Brush is empty
Could not resize brush: Brush is empty
Could not resize brush: Brush is empty
Could not resize brush: Brush is empty
Could not resize brush: Brush is empty
Could not resize brush: Brush is empty
Could not resize brush: Brush is empty
Could not resize brush: Brush is empty
Could not resize brush: Brush is empty
Could not resize brush: Brush is empty
Could not resize brush: Brush is empty
Created autosave backup at "D:\\code\\ball-robo\\maps\\autosave\\room_waterproofing.6.map"
Saved "D:\\code\\ball-robo\\maps\\room_waterproofing.map" in 5ms
Saved "D:\\code\\ball-robo\\maps\\room_waterproofing.map" in 6ms
Saved "D:\\code\\ball-robo\\maps\\room_waterproofing.map" in 5ms
Saved "D:\\code\\ball-robo\\maps\\room_waterproofing.map" in 6ms
Saved "D:\\code\\ball-robo\\maps\\room_waterproofing.map" in 5ms
Saved "D:\\code\\ball-robo\\maps\\room_waterproofing.map" in 5ms
Saved "D:\\code\\ball-robo\\maps\\room_waterproofing.map" in 5ms
Parsed successfully as Valve entities (unknown location)
Parsed successfully as Valve entities (unknown location)
Saved "D:\\code\\ball-robo\\maps\\room_waterproofing.map" in 5ms
Parsed successfully as Valve entities (unknown location)
Parsed successfully as Valve entities (unknown location)
Saved "D:\\code\\ball-robo\\maps\\room_waterproofing.map" in 5ms
Parsed successfully as Valve entities (unknown location)
Saved "D:\\code\\ball-robo\\maps\\room_waterproofing.map" in 6ms
Saved "D:\\code\\ball-robo\\maps\\room_waterproofing.map" in 6ms
Saved "D:\\code\\ball-robo\\maps\\room_waterproofing.map" in 5ms
Saved "D:\\code\\ball-robo\\maps\\room_waterproofing.map" in 5ms
Parsed successfully as Valve entities (unknown location)
Created autosave backup at "D:\\code\\ball-robo\\maps\\autosave\\room_waterproofing.7.map"
Parsed successfully as Valve entities (unknown location)
Saved "D:\\code\\ball-robo\\maps\\room_waterproofing.map" in 6ms
Parsed successfully as Valve entities (unknown location)
Saved "D:\\code\\ball-robo\\maps\\room_waterproofing.map" in 5ms
Parsed successfully as Valve entities (unknown location)
Saved "D:\\code\\ball-robo\\maps\\room_waterproofing.map" in 5ms
Saved "D:\\code\\ball-robo\\maps\\room_waterproofing.map" in 5ms
Saved "D:\\code\\ball-robo\\maps\\room_waterproofing.map" in 5ms
Saved "D:\\code\\ball-robo\\maps\\room_waterproofing.map" in 5ms
Parsed successfully as Valve entities (unknown location)
Parsed successfully as Valve entities (unknown location)
Saved "D:\\code\\ball-robo\\maps\\room_waterproofing.map" in 5ms
Saved "D:\\code\\ball-robo\\maps\\room_waterproofing.map" in 5ms
Parsed successfully as Valve entities (unknown location)
Saved "D:\\code\\ball-robo\\maps\\room_waterproofing.map" in 5ms
Saved "D:\\code\\ball-robo\\maps\\room_waterproofing.map" in 5ms
Saved "D:\\code\\ball-robo\\maps\\room_waterproofing.map" in 5ms
Parsed successfully as Valve entities (unknown location)
Saved "D:\\code\\ball-robo\\maps\\room_waterproofing.map" in 6ms
Saved "D:\\code\\ball-robo\\maps\\room_waterproofing.map" in 5ms
Saved "D:\\code\\ball-robo\\maps\\room_waterproofing.map" in 6ms
Saved "D:\\code\\ball-robo\\maps\\room_waterproofing.map" in 5ms
Parsed successfully as Valve entities (unknown location)
Saved "D:\\code\\ball-robo\\maps\\room_waterproofing.map" in 5ms
Created autosave backup at "D:\\code\\ball-robo\\maps\\autosave\\room_waterproofing.8.map"
Parsed successfully as Valve entities (unknown location)
Could not resize brush: Brush is empty
Could not resize brush: Brush is empty
Could not resize brush: Brush is empty
Could not resize brush: Brush is empty
Could not resize brush: Brush is empty
Could not resize brush: Brush is empty
Could not resize brush: Brush is empty
Saved "D:\\code\\ball-robo\\maps\\room_waterproofing.map" in 5ms
Saved "D:\\code\\ball-robo\\maps\\room_waterproofing.map" in 6ms
Saved "D:\\code\\ball-robo\\maps\\room_waterproofing.map" in 5ms
Parsed successfully as Valve entities (unknown location)
Created autosave backup at "D:\\code\\ball-robo\\maps\\autosave\\room_waterproofing.9.map"
Parsed successfully as Valve entities (unknown location)
Parsed successfully as Valve entities (unknown location)
Parsed successfully as Valve entities (unknown location)
Saved "D:\\code\\ball-robo\\maps\\room_waterproofing.map" in 5ms
Saved "D:\\code\\ball-robo\\maps\\room_waterproofing.map" in 6ms
Saved "D:\\code\\ball-robo\\maps\\room_waterproofing.map" in 6ms
Saved "D:\\code\\ball-robo\\maps\\room_waterproofing.map" in 6ms
Saved "D:\\code\\ball-robo\\maps\\room_waterproofing.map" in 5ms
Parsed successfully as Valve entities (unknown location)
Parsed successfully as Valve entities (unknown location)
Parsed successfully as Valve entities (unknown location)
Parsed successfully as Valve entities (unknown location)
Saved "D:\\code\\ball-robo\\maps\\room_waterproofing.map" in 7ms
Saved "D:\\code\\ball-robo\\maps\\room_waterproofing.map" in 5ms
Saved "D:\\code\\ball-robo\\maps\\room_waterproofing.map" in 5ms
Saved "D:\\code\\ball-robo\\maps\\room_waterproofing.map" in 5ms
Parsed successfully as Valve entities (unknown location)
Saved "D:\\code\\ball-robo\\maps\\room_waterproofing.map" in 5ms
Created autosave backup at "D:\\code\\ball-robo\\maps\\autosave\\room_waterproofing.10.map"
Saved "D:\\code\\ball-robo\\maps\\room_waterproofing.map" in 8ms
Parsed successfully as Valve entities (unknown location)
Saved "D:\\code\\ball-robo\\maps\\room_waterproofing.map" in 5ms
Parsed successfully as Valve entities (unknown location)
Saved "D:\\code\\ball-robo\\maps\\room_waterproofing.map" in 5ms
Parsed successfully as Valve entities (unknown location)
Saved "D:\\code\\ball-robo\\maps\\room_waterproofing.map" in 5ms
Parsed successfully as Valve entities (unknown location)
Saved "D:\\code\\ball-robo\\maps\\room_waterproofing.map" in 5ms
Parsed successfully as Valve entities (unknown location)
Parsed successfully as Valve entities (unknown location)
Parsed successfully as Valve entities (unknown location)
Saved "D:\\code\\ball-robo\\maps\\room_waterproofing.map" in 5ms
Saved "D:\\code\\ball-robo\\maps\\room_waterproofing.map" in 6ms
Created autosave backup at "D:\\code\\ball-robo\\maps\\autosave\\room_waterproofing.11.map"
Saved "D:\\code\\ball-robo\\maps\\room_waterproofing.map" in 6ms
Saved "D:\\code\\ball-robo\\maps\\room_waterproofing.map" in 5ms
Parsed successfully as Valve entities (unknown location)
Parsed successfully as Valve entities (unknown location)
Could not resize brush: Brush is empty
Parsed successfully as Valve entities (unknown location)
Saved "D:\\code\\ball-robo\\maps\\room_waterproofing.map" in 6ms
Saved "D:\\code\\ball-robo\\maps\\room_waterproofing.map" in 6ms
Parsed successfully as Valve entities (unknown location)
Saved "D:\\code\\ball-robo\\maps\\room_waterproofing.map" in 6ms
Parsed successfully as Valve entities (unknown location)
Parsed successfully as Valve entities (unknown location)
Parsed successfully as Valve entities (unknown location)
Parsed successfully as Valve entities (unknown location)
Parsed successfully as Valve entities (unknown location)
Parsed successfully as Valve entities (unknown location)
Parsed successfully as Valve entities (unknown location)
Parsed successfully as Valve entities (unknown location)
Parsed successfully as Valve entities (unknown location)
Parsed successfully as Valve entities (unknown location)
Parsed successfully as Valve entities (unknown location)
Created autosave backup at "D:\\code\\ball-robo\\maps\\autosave\\room_waterproofing.4.map"
Parsed successfully as Valve entities (unknown location)
Parsed successfully as Valve entities (unknown location)
Parsed successfully as Valve entities (unknown location)
Parsed successfully as Valve entities (unknown location)
Parsed successfully as Valve entities (unknown location)
Saved "D:\\code\\ball-robo\\maps\\room_waterproofing.map" in 6ms
Saved "D:\\code\\ball-robo\\maps\\room_waterproofing.map" in 6ms
Parsed successfully as Valve entities (unknown location)
Created autosave backup at "D:\\code\\ball-robo\\maps\\autosave\\room_waterproofing.5.map"
Parsed successfully as Valve entities (unknown location)
Parsed successfully as Valve entities (unknown location)
Saved "D:\\code\\ball-robo\\maps\\room_waterproofing.map" in 5ms
Saved "D:\\code\\ball-robo\\maps\\room_waterproofing.map" in 7ms
Saved "D:\\code\\ball-robo\\maps\\room_waterproofing.map" in 6ms
Parsed successfully as Valve entities (unknown location)
Saved "D:\\code\\ball-robo\\maps\\room_waterproofing.map" in 5ms
Parsed successfully as Valve entities (unknown location)
Saved "D:\\code\\ball-robo\\maps\\room_waterproofing.map" in 5ms
Saved "D:\\code\\ball-robo\\maps\\room_waterproofing.map" in 6ms
Parsed successfully as Valve entities (unknown location)
Parsed successfully as Valve entities (unknown location)
Saved "D:\\code\\ball-robo\\maps\\room_waterproofing.map" in 5ms
Saved "D:\\code\\ball-robo\\maps\\room_waterproofing.map" in 6ms
Saved "D:\\code\\ball-robo\\maps\\room_waterproofing.map" in 6ms
Parsed successfully as Valve entities (unknown location)
Could not resize brush: Brush is empty
Could not resize brush: Brush is empty
Could not resize brush: Brush is empty
Parsed successfully as Valve entities (unknown location)
Parsed successfully as Valve entities (unknown location)
Saved "D:\\code\\ball-robo\\maps\\room_waterproofing.map" in 6ms
Parsed successfully as Valve entities (unknown location)
Created autosave backup at "D:\\code\\ball-robo\\maps\\autosave\\room_waterproofing.6.map"
Parsed successfully as Valve entities (unknown location)
Parsed successfully as Valve entities (unknown location)
Saved "D:\\code\\ball-robo\\maps\\room_waterproofing.map" in 6ms
Saved "D:\\code\\ball-robo\\maps\\room_waterproofing.map" in 7ms
Saved "D:\\code\\ball-robo\\maps\\room_waterproofing.map" in 6ms
Saved "D:\\code\\ball-robo\\maps\\room_waterproofing.map" in 5ms
Saved "D:\\code\\ball-robo\\maps\\room_waterproofing.map" in 5ms
Saved "D:\\code\\ball-robo\\maps\\room_waterproofing.map" in 5ms
Saved "D:\\code\\ball-robo\\maps\\room_waterproofing.map" in 5ms
Parsed successfully as Valve entities (unknown location)
Created autosave backup at "D:\\code\\ball-robo\\maps\\autosave\\room_waterproofing.7.map"
Parsed successfully as Valve entities (unknown location)
Saved "D:\\code\\ball-robo\\maps\\room_waterproofing.map" in 6ms
Parsed successfully as Valve entities (unknown location)
Saved "D:\\code\\ball-robo\\maps\\room_waterproofing.map" in 6ms
Saved "D:\\code\\ball-robo\\maps\\room_waterproofing.map" in 6ms
Parsed successfully as Valve entities (unknown location)
Saved "D:\\code\\ball-robo\\maps\\room_waterproofing.map" in 6ms
Saved "D:\\code\\ball-robo\\maps\\room_waterproofing.map" in 5ms
Parsed successfully as Valve entities (unknown location)
Saved "D:\\code\\ball-robo\\maps\\room_waterproofing.map" in 5ms
Parsed successfully as Valve entities (unknown location)
Saved "D:\\code\\ball-robo\\maps\\room_waterproofing.map" in 5ms
Parsed successfully as Valve entities (unknown location)
Parsed successfully as Valve entities (unknown location)
Saved "D:\\code\\ball-robo\\maps\\room_waterproofing.map" in 6ms
Saved "D:\\code\\ball-robo\\maps\\room_waterproofing.map" in 7ms
Parsed successfully as Valve entities (unknown location)
Saved "D:\\code\\ball-robo\\maps\\room_waterproofing.map" in 6ms
Saved "D:\\code\\ball-robo\\maps\\room_waterproofing.map" in 5ms
Parsed successfully as Valve entities (unknown location)
Parsed successfully as Valve entities (unknown location)
Saved "D:\\code\\ball-robo\\maps\\room_waterproofing.map" in 5ms
Saved "D:\\code\\ball-robo\\maps\\room_waterproofing.map" in 6ms
Saved "D:\\code\\ball-robo\\maps\\room_waterproofing.map" in 6ms
Saved "D:\\code\\ball-robo\\maps\\room_waterproofing.map" in 6ms
Saved "D:\\code\\ball-robo\\maps\\room_waterproofing.map" in 6ms
Saved "D:\\code\\ball-robo\\maps\\room_waterproofing.map" in 5ms
Saved "D:\\code\\ball-robo\\maps\\room_waterproofing.map" in 5ms
Saved "D:\\code\\ball-robo\\maps\\room_waterproofing.map" in 6ms
Parsed successfully as Valve entities (unknown location)
Saved "D:\\code\\ball-robo\\maps\\room_waterproofing.map" in 6ms
Parsed successfully as Valve entities (unknown location)
Saved "D:\\code\\ball-robo\\maps\\room_waterproofing.map" in 6ms
Saved "D:\\code\\ball-robo\\maps\\room_waterproofing.map" in 6ms
Parsed successfully as Valve entities (unknown location)
Saved "D:\\code\\ball-robo\\maps\\room_waterproofing.map" in 5ms
Parsed successfully as Valve entities (unknown location)
Saved "D:\\code\\ball-robo\\maps\\room_waterproofing.map" in 5ms
Saved "D:\\code\\ball-robo\\maps\\room_waterproofing.map" in 5ms
Parsed successfully as Valve entities (unknown location)
Parsed successfully as Valve entities (unknown location)
Saved "D:\\code\\ball-robo\\maps\\room_waterproofing.map" in 5ms
Saved "D:\\code\\ball-robo\\maps\\room_waterproofing.map" in 6ms
Saved "D:\\code\\ball-robo\\maps\\room_waterproofing.map" in 5ms
Parsed successfully as Valve entities (unknown location)
Created autosave backup at "D:\\code\\ball-robo\\maps\\autosave\\room_waterproofing.8.map"
Saved "D:\\code\\ball-robo\\maps\\room_waterproofing.map" in 5ms
Could not resize brush: Brush has invalid face
Saved "D:\\code\\ball-robo\\maps\\room_waterproofing.map" in 6ms
Parsed successfully as Valve entities (unknown location)
Saved "D:\\code\\ball-robo\\maps\\room_waterproofing.map" in 5ms
Parsed successfully as Valve entities (unknown location)
Saved "D:\\code\\ball-robo\\maps\\room_waterproofing.map" in 5ms
Saved "D:\\code\\ball-robo\\maps\\room_waterproofing.map" in 6ms
Saved "D:\\code\\ball-robo\\maps\\room_waterproofing.map" in 6ms
Parsed successfully as Valve entities (unknown location)
Parsed successfully as Valve entities (unknown location)
Parsed successfully as Valve entities (unknown location)
Saved "D:\\code\\ball-robo\\maps\\room_waterproofing.map" in 6ms
Parsed successfully as Valve entities (unknown location)
Saved "D:\\code\\ball-robo\\maps\\room_waterproofing.map" in 5ms
Saved "D:\\code\\ball-robo\\maps\\room_waterproofing.map" in 7ms
Parsed successfully as Valve entities (unknown location)
Saved "D:\\code\\ball-robo\\maps\\room_waterproofing.map" in 6ms
Saved "D:\\code\\ball-robo\\maps\\room_waterproofing.map" in 6ms
Saved "D:\\code\\ball-robo\\maps\\room_waterproofing.map" in 6ms
Parsed successfully as Valve entities (unknown location)
Saved "D:\\code\\ball-robo\\maps\\room_waterproofing.map" in 6ms
Parsed successfully as Valve entities (unknown location)
Saved "D:\\code\\ball-robo\\maps\\room_waterproofing.map" in 5ms
Saved "D:\\code\\ball-robo\\maps\\room_waterproofing.map" in 5ms
Saved "D:\\code\\ball-robo\\maps\\room_waterproofing.map" in 6ms
Saved "D:\\code\\ball-robo\\maps\\room_waterproofing.map" in 6ms
Parsed successfully as Valve entities (unknown location)
Saved "D:\\code\\ball-robo\\maps\\room_waterproofing.map" in 5ms
Saved "D:\\code\\ball-robo\\maps\\room_waterproofing.map" in 5ms
Saved "D:\\code\\ball-robo\\maps\\room_waterproofing.map" in 5ms
Saved "D:\\code\\ball-robo\\maps\\room_waterproofing.map" in 6ms
Saved "D:\\code\\ball-robo\\maps\\room_waterproofing.map" in 5ms
Saved "D:\\code\\ball-robo\\maps\\room_waterproofing.map" in 5ms
Parsed successfully as Valve entities (unknown location)
Saved "D:\\code\\ball-robo\\maps\\room_waterproofing.map" in 5ms
Saved "D:\\code\\ball-robo\\maps\\room_waterproofing.map" in 5ms
Could not resize brush: Brush is empty
Created autosave backup at "D:\\code\\ball-robo\\maps\\autosave\\room_waterproofing.9.map"
Saved "D:\\code\\ball-robo\\maps\\room_waterproofing.map" in 6ms
Could not resize brush: Brush has invalid face
Could not resize brush: Brush has invalid face
Saved "D:\\code\\ball-robo\\maps\\room_waterproofing.map" in 6ms
Saved "D:\\code\\ball-robo\\maps\\room_waterproofing.map" in 5ms
Adding file system path "D:\\programs\\trenchbroom\\defaults\\assets"
Adding file system path "D:\\code\\ball-robo\\"
Loading document from D:\code\ball-robo\maps\objects\locked_door.map
Found 0 shaders
Adding file system path "D:\\programs\\trenchbroom\\defaults\\assets"
Adding file system path "D:\\code\\ball-robo\\"
Adding file system path "D:\\code\\ball-robo\\textures"
Loaded entity definition file FuncGodot.fgd
Found 0 shaders
Loaded "D:\\code\\ball-robo\\maps\\objects\\locked_door.map" in 206ms
Saved "D:\\code\\ball-robo\\maps\\objects\\locked_hatch.map" in 10ms
Saved "D:\\code\\ball-robo\\maps\\objects\\locked_hatch.map" in 5ms
Saved "D:\\code\\ball-robo\\maps\\objects\\locked_hatch.map" in 4ms
Parsed successfully as Valve entities (unknown location)
Parsed successfully as Valve entities (unknown location)
Parsed successfully as Valve entities (unknown location)
Parsed successfully as Valve entities (unknown location)
Parsed successfully as Valve entities (unknown location)
Parsed successfully as Valve entities (unknown location)
Parsed successfully as Valve entities (unknown location)
Parsed successfully as Valve entities (unknown location)
Created autosave backup at "D:\\code\\ball-robo\\maps\\objects\\autosave\\locked_hatch.1.map"
Parsed successfully as Valve entities (unknown location)
Parsed successfully as Valve entities (unknown location)
Parsed successfully as Valve entities (unknown location)
Parsed successfully as Valve entities (unknown location)
Parsed successfully as Valve entities (unknown location)
Could not resize brush: Brush has invalid face
Parsed successfully as Valve entities (unknown location)
Parsed successfully as Valve entities (unknown location)
Parsed successfully as Valve entities (unknown location)
Parsed successfully as Valve entities (unknown location)
Parsed successfully as Valve entities (unknown location)
Parsed successfully as Valve entities (unknown location)
Created autosave backup at "D:\\code\\ball-robo\\maps\\objects\\autosave\\locked_hatch.2.map"
Saved "D:\\code\\ball-robo\\maps\\objects\\locked_hatch.map" in 4ms
Adding file system path "D:\\programs\\trenchbroom\\defaults\\assets"
Adding file system path "D:\\code\\ball-robo\\"
Loading document from D:\code\ball-robo\maps\objects\locked_door.map
Found 0 shaders
Adding file system path "D:\\programs\\trenchbroom\\defaults\\assets"
Adding file system path "D:\\code\\ball-robo\\"
Adding file system path "D:\\code\\ball-robo\\textures"
Loaded entity definition file FuncGodot.fgd
Found 0 shaders
Loaded "D:\\code\\ball-robo\\maps\\objects\\locked_door.map" in 188ms
